1768993212.328670 client started (43322): version 3.6a, socket /private/tmp/tmux-501/default, protocol 8
1768993212.328714 on Darwin 25.1.0 Darwin Kernel Version 25.1.0: Mon Oct 20 19:32:41 PDT 2025; root:xnu-12377.41.6~2/RELEASE_ARM64_T6000
1768993212.328722 using libevent 2.1.12-stable select
1768993212.328994 using utf8proc 2.11.3
1768993212.329021 using ncurses 6.5 20240427
1768993212.329047 flags are 0x10010000
1768993212.329055 socket is /private/tmp/tmux-501/default
1768993212.329065 trying connect
1768993212.329096 add peer 0x102cb8890: 6 (0x0)
1768993212.330812 sending message 111 to peer 0x102cb8890 (8 bytes)
1768993212.330824 sending message 111 to peer 0x102cb8890 (8 bytes)
1768993212.330829 sending message 101 to peer 0x102cb8890 (15 bytes)
1768993212.330835 sending message 109 to peer 0x102cb8890 (4 bytes)
1768993212.330840 sending message 102 to peer 0x102cb8890 (13 bytes)
1768993212.330844 sending message 108 to peer 0x102cb8890 (26 bytes)
1768993212.330850 sending message 112 to peer 0x102cb8890 (58 bytes)
1768993212.330855 sending message 112 to peer 0x102cb8890 (5 bytes)
1768993212.330859 sending message 112 to peer 0x102cb8890 (5 bytes)
1768993212.330866 sending message 112 to peer 0x102cb8890 (6 bytes)
1768993212.330872 sending message 112 to peer 0x102cb8890 (6 bytes)
1768993212.330876 sending message 112 to peer 0x102cb8890 (11 bytes)
1768993212.330881 sending message 112 to peer 0x102cb8890 (10 bytes)
1768993212.330886 sending message 112 to peer 0x102cb8890 (13 bytes)
1768993212.330891 sending message 112 to peer 0x102cb8890 (14 bytes)
1768993212.330896 sending message 112 to peer 0x102cb8890 (19 bytes)
1768993212.330900 sending message 112 to peer 0x102cb8890 (11 bytes)
1768993212.330905 sending message 112 to peer 0x102cb8890 (10 bytes)
1768993212.330909 sending message 112 to peer 0x102cb8890 (15 bytes)
1768993212.330914 sending message 112 to peer 0x102cb8890 (21 bytes)
1768993212.330919 sending message 112 to peer 0x102cb8890 (13 bytes)
1768993212.330923 sending message 112 to peer 0x102cb8890 (7 bytes)
1768993212.330929 sending message 112 to peer 0x102cb8890 (13 bytes)
1768993212.330933 sending message 112 to peer 0x102cb8890 (7 bytes)
1768993212.330938 sending message 112 to peer 0x102cb8890 (13 bytes)
1768993212.330944 sending message 112 to peer 0x102cb8890 (9 bytes)
1768993212.330950 sending message 112 to peer 0x102cb8890 (21 bytes)
1768993212.330955 sending message 112 to peer 0x102cb8890 (13 bytes)
1768993212.330959 sending message 112 to peer 0x102cb8890 (9 bytes)
1768993212.330964 sending message 112 to peer 0x102cb8890 (16 bytes)
1768993212.330969 sending message 112 to peer 0x102cb8890 (13 bytes)
1768993212.330973 sending message 112 to peer 0x102cb8890 (9 bytes)
1768993212.330978 sending message 112 to peer 0x102cb8890 (9 bytes)
1768993212.330982 sending message 112 to peer 0x102cb8890 (12 bytes)
1768993212.330987 sending message 112 to peer 0x102cb8890 (8 bytes)
1768993212.330992 sending message 112 to peer 0x102cb8890 (8 bytes)
1768993212.330997 sending message 112 to peer 0x102cb8890 (13 bytes)
1768993212.331001 sending message 112 to peer 0x102cb8890 (7 bytes)
1768993212.331006 sending message 112 to peer 0x102cb8890 (7 bytes)
1768993212.331010 sending message 112 to peer 0x102cb8890 (9 bytes)
1768993212.331015 sending message 112 to peer 0x102cb8890 (9 bytes)
1768993212.331019 sending message 112 to peer 0x102cb8890 (15 bytes)
1768993212.331024 sending message 112 to peer 0x102cb8890 (13 bytes)
1768993212.331029 sending message 112 to peer 0x102cb8890 (12 bytes)
1768993212.331034 sending message 112 to peer 0x102cb8890 (8 bytes)
1768993212.331038 sending message 112 to peer 0x102cb8890 (14 bytes)
1768993212.331043 sending message 112 to peer 0x102cb8890 (11 bytes)
1768993212.331048 sending message 112 to peer 0x102cb8890 (9 bytes)
1768993212.331052 sending message 112 to peer 0x102cb8890 (10 bytes)
1768993212.331057 sending message 112 to peer 0x102cb8890 (10 bytes)
1768993212.331061 sending message 112 to peer 0x102cb8890 (10 bytes)
1768993212.331066 sending message 112 to peer 0x102cb8890 (10 bytes)
1768993212.331084 sending message 112 to peer 0x102cb8890 (11 bytes)
1768993212.331087 sending message 112 to peer 0x102cb8890 (12 bytes)
1768993212.331091 sending message 112 to peer 0x102cb8890 (12 bytes)
1768993212.331095 sending message 112 to peer 0x102cb8890 (12 bytes)
1768993212.331098 sending message 112 to peer 0x102cb8890 (12 bytes)
1768993212.331102 sending message 112 to peer 0x102cb8890 (12 bytes)
1768993212.331105 sending message 112 to peer 0x102cb8890 (11 bytes)
1768993212.331112 sending message 112 to peer 0x102cb8890 (11 bytes)
1768993212.331116 sending message 112 to peer 0x102cb8890 (12 bytes)
1768993212.331119 sending message 112 to peer 0x102cb8890 (12 bytes)
1768993212.331123 sending message 112 to peer 0x102cb8890 (12 bytes)
1768993212.331126 sending message 112 to peer 0x102cb8890 (12 bytes)
1768993212.331130 sending message 112 to peer 0x102cb8890 (12 bytes)
1768993212.331134 sending message 112 to peer 0x102cb8890 (9 bytes)
1768993212.331137 sending message 112 to peer 0x102cb8890 (12 bytes)
1768993212.331141 sending message 112 to peer 0x102cb8890 (13 bytes)
1768993212.331144 sending message 112 to peer 0x102cb8890 (13 bytes)
1768993212.331148 sending message 112 to peer 0x102cb8890 (13 bytes)
1768993212.331152 sending message 112 to peer 0x102cb8890 (13 bytes)
1768993212.331155 sending message 112 to peer 0x102cb8890 (13 bytes)
1768993212.331159 sending message 112 to peer 0x102cb8890 (8 bytes)
1768993212.331163 sending message 112 to peer 0x102cb8890 (11 bytes)
1768993212.331166 sending message 112 to peer 0x102cb8890 (11 bytes)
1768993212.331169 sending message 112 to peer 0x102cb8890 (11 bytes)
1768993212.331173 sending message 112 to peer 0x102cb8890 (12 bytes)
1768993212.331177 sending message 112 to peer 0x102cb8890 (12 bytes)
1768993212.331181 sending message 112 to peer 0x102cb8890 (12 bytes)
1768993212.331184 sending message 112 to peer 0x102cb8890 (12 bytes)
1768993212.331188 sending message 112 to peer 0x102cb8890 (13 bytes)
1768993212.331191 sending message 112 to peer 0x102cb8890 (13 bytes)
1768993212.331195 sending message 112 to peer 0x102cb8890 (13 bytes)
1768993212.331199 sending message 112 to peer 0x102cb8890 (8 bytes)
1768993212.331202 sending message 112 to peer 0x102cb8890 (13 bytes)
1768993212.331205 sending message 112 to peer 0x102cb8890 (13 bytes)
1768993212.331209 sending message 112 to peer 0x102cb8890 (13 bytes)
1768993212.331213 sending message 112 to peer 0x102cb8890 (13 bytes)
1768993212.331216 sending message 112 to peer 0x102cb8890 (13 bytes)
1768993212.331220 sending message 112 to peer 0x102cb8890 (12 bytes)
1768993212.331224 sending message 112 to peer 0x102cb8890 (12 bytes)
1768993212.331227 sending message 112 to peer 0x102cb8890 (12 bytes)
1768993212.331231 sending message 112 to peer 0x102cb8890 (12 bytes)
1768993212.331234 sending message 112 to peer 0x102cb8890 (13 bytes)
1768993212.331255 sending message 112 to peer 0x102cb8890 (8 bytes)
1768993212.331272 sending message 112 to peer 0x102cb8890 (13 bytes)
1768993212.331276 sending message 112 to peer 0x102cb8890 (13 bytes)
1768993212.331281 sending message 112 to peer 0x102cb8890 (13 bytes)
1768993212.331285 sending message 112 to peer 0x102cb8890 (13 bytes)
1768993212.331290 sending message 112 to peer 0x102cb8890 (13 bytes)
1768993212.331294 sending message 112 to peer 0x102cb8890 (13 bytes)
1768993212.331298 sending message 112 to peer 0x102cb8890 (13 bytes)
1768993212.331301 sending message 112 to peer 0x102cb8890 (12 bytes)
1768993212.331305 sending message 112 to peer 0x102cb8890 (12 bytes)
1768993212.331309 sending message 112 to peer 0x102cb8890 (12 bytes)
1768993212.331312 sending message 112 to peer 0x102cb8890 (8 bytes)
1768993212.331316 sending message 112 to peer 0x102cb8890 (12 bytes)
1768993212.331320 sending message 112 to peer 0x102cb8890 (13 bytes)
1768993212.331323 sending message 112 to peer 0x102cb8890 (13 bytes)
1768993212.331327 sending message 112 to peer 0x102cb8890 (13 bytes)
1768993212.331330 sending message 112 to peer 0x102cb8890 (13 bytes)
1768993212.331334 sending message 112 to peer 0x102cb8890 (13 bytes)
1768993212.331347 sending message 112 to peer 0x102cb8890 (13 bytes)
1768993212.331351 sending message 112 to peer 0x102cb8890 (13 bytes)
1768993212.331355 sending message 112 to peer 0x102cb8890 (13 bytes)
1768993212.331359 sending message 112 to peer 0x102cb8890 (12 bytes)
1768993212.331362 sending message 112 to peer 0x102cb8890 (10 bytes)
1768993212.331366 sending message 112 to peer 0x102cb8890 (12 bytes)
1768993212.331369 sending message 112 to peer 0x102cb8890 (12 bytes)
1768993212.331373 sending message 112 to peer 0x102cb8890 (12 bytes)
1768993212.331376 sending message 112 to peer 0x102cb8890 (13 bytes)
1768993212.331380 sending message 112 to peer 0x102cb8890 (13 bytes)
1768993212.331384 sending message 112 to peer 0x102cb8890 (13 bytes)
1768993212.331387 sending message 112 to peer 0x102cb8890 (13 bytes)
1768993212.331391 sending message 112 to peer 0x102cb8890 (13 bytes)
1768993212.331395 sending message 112 to peer 0x102cb8890 (13 bytes)
1768993212.331399 sending message 112 to peer 0x102cb8890 (13 bytes)
1768993212.331403 sending message 112 to peer 0x102cb8890 (10 bytes)
1768993212.331407 sending message 112 to peer 0x102cb8890 (13 bytes)
1768993212.331410 sending message 112 to peer 0x102cb8890 (12 bytes)
1768993212.331414 sending message 112 to peer 0x102cb8890 (12 bytes)
1768993212.331418 sending message 112 to peer 0x102cb8890 (12 bytes)
1768993212.331422 sending message 112 to peer 0x102cb8890 (10 bytes)
1768993212.331425 sending message 112 to peer 0x102cb8890 (10 bytes)
1768993212.331429 sending message 112 to peer 0x102cb8890 (10 bytes)
1768993212.331433 sending message 112 to peer 0x102cb8890 (12 bytes)
1768993212.331437 sending message 112 to peer 0x102cb8890 (13 bytes)
1768993212.331441 sending message 112 to peer 0x102cb8890 (13 bytes)
1768993212.331444 sending message 112 to peer 0x102cb8890 (13 bytes)
1768993212.331448 sending message 112 to peer 0x102cb8890 (13 bytes)
1768993212.331452 sending message 112 to peer 0x102cb8890 (13 bytes)
1768993212.331455 sending message 112 to peer 0x102cb8890 (10 bytes)
1768993212.331459 sending message 112 to peer 0x102cb8890 (11 bytes)
1768993212.331463 sending message 112 to peer 0x102cb8890 (12 bytes)
1768993212.331466 sending message 112 to peer 0x102cb8890 (12 bytes)
1768993212.331470 sending message 112 to peer 0x102cb8890 (12 bytes)
1768993212.331474 sending message 112 to peer 0x102cb8890 (12 bytes)
1768993212.331478 sending message 112 to peer 0x102cb8890 (12 bytes)
1768993212.331482 sending message 112 to peer 0x102cb8890 (11 bytes)
1768993212.331485 sending message 112 to peer 0x102cb8890 (12 bytes)
1768993212.331490 sending message 112 to peer 0x102cb8890 (12 bytes)
1768993212.331493 sending message 112 to peer 0x102cb8890 (13 bytes)
1768993212.331497 sending message 112 to peer 0x102cb8890 (13 bytes)
1768993212.331501 sending message 112 to peer 0x102cb8890 (13 bytes)
1768993212.331505 sending message 112 to peer 0x102cb8890 (13 bytes)
1768993212.331508 sending message 112 to peer 0x102cb8890 (13 bytes)
1768993212.331512 sending message 112 to peer 0x102cb8890 (10 bytes)
1768993212.331515 sending message 112 to peer 0x102cb8890 (9 bytes)
1768993212.331522 sending message 112 to peer 0x102cb8890 (12 bytes)
1768993212.331526 sending message 112 to peer 0x102cb8890 (13 bytes)
1768993212.331530 sending message 112 to peer 0x102cb8890 (13 bytes)
1768993212.331533 sending message 112 to peer 0x102cb8890 (13 bytes)
1768993212.331539 sending message 112 to peer 0x102cb8890 (13 bytes)
1768993212.331543 sending message 112 to peer 0x102cb8890 (13 bytes)
1768993212.331547 sending message 112 to peer 0x102cb8890 (9 bytes)
1768993212.331550 sending message 112 to peer 0x102cb8890 (12 bytes)
1768993212.331554 sending message 112 to peer 0x102cb8890 (13 bytes)
1768993212.331557 sending message 112 to peer 0x102cb8890 (13 bytes)
1768993212.331561 sending message 112 to peer 0x102cb8890 (13 bytes)
1768993212.331565 sending message 112 to peer 0x102cb8890 (13 bytes)
1768993212.331568 sending message 112 to peer 0x102cb8890 (13 bytes)
1768993212.331577 sending message 112 to peer 0x102cb8890 (11 bytes)
1768993212.331581 sending message 112 to peer 0x102cb8890 (12 bytes)
1768993212.331585 sending message 112 to peer 0x102cb8890 (13 bytes)
1768993212.331589 sending message 112 to peer 0x102cb8890 (13 bytes)
1768993212.331593 sending message 112 to peer 0x102cb8890 (13 bytes)
1768993212.331596 sending message 112 to peer 0x102cb8890 (13 bytes)
1768993212.331600 sending message 112 to peer 0x102cb8890 (13 bytes)
1768993212.331603 sending message 112 to peer 0x102cb8890 (11 bytes)
1768993212.331607 sending message 112 to peer 0x102cb8890 (12 bytes)
1768993212.331611 sending message 112 to peer 0x102cb8890 (12 bytes)
1768993212.331614 sending message 112 to peer 0x102cb8890 (12 bytes)
1768993212.331618 sending message 112 to peer 0x102cb8890 (12 bytes)
1768993212.331622 sending message 112 to peer 0x102cb8890 (12 bytes)
1768993212.331625 sending message 112 to peer 0x102cb8890 (21 bytes)
1768993212.331630 sending message 112 to peer 0x102cb8890 (12 bytes)
1768993212.331634 sending message 112 to peer 0x102cb8890 (9 bytes)
1768993212.331638 sending message 112 to peer 0x102cb8890 (6 bytes)
1768993212.331642 sending message 112 to peer 0x102cb8890 (13 bytes)
1768993212.331646 sending message 112 to peer 0x102cb8890 (10 bytes)
1768993212.331649 sending message 112 to peer 0x102cb8890 (24 bytes)
1768993212.331653 sending message 112 to peer 0x102cb8890 (13 bytes)
1768993212.331656 sending message 112 to peer 0x102cb8890 (9 bytes)
1768993212.331660 sending message 112 to peer 0x102cb8890 (70 bytes)
1768993212.331663 sending message 112 to peer 0x102cb8890 (69 bytes)
1768993212.331667 sending message 112 to peer 0x102cb8890 (12 bytes)
1768993212.331671 sending message 112 to peer 0x102cb8890 (10 bytes)
1768993212.331674 sending message 112 to peer 0x102cb8890 (10 bytes)
1768993212.331678 sending message 112 to peer 0x102cb8890 (24 bytes)
1768993212.331682 sending message 112 to peer 0x102cb8890 (13 bytes)
1768993212.331685 sending message 112 to peer 0x102cb8890 (10 bytes)
1768993212.331689 sending message 112 to peer 0x102cb8890 (10 bytes)
1768993212.331693 sending message 112 to peer 0x102cb8890 (10 bytes)
1768993212.331697 sending message 112 to peer 0x102cb8890 (13 bytes)
1768993212.331700 sending message 112 to peer 0x102cb8890 (15 bytes)
1768993212.331705 sending message 112 to peer 0x102cb8890 (5 bytes)
1768993212.331711 sending message 104 to peer 0x102cb8890 (0 bytes)
1768993212.331715 sending message 110 to peer 0x102cb8890 (0 bytes)
1768993212.331719 sending message 107 to peer 0x102cb8890 (4 bytes)
1768993212.331723 sending message 105 to peer 0x102cb8890 (30 bytes)
1768993212.331726 sending message 105 to peer 0x102cb8890 (8 bytes)
1768993212.331730 sending message 105 to peer 0x102cb8890 (24 bytes)
1768993212.331734 sending message 105 to peer 0x102cb8890 (69 bytes)
1768993212.331737 sending message 105 to peer 0x102cb8890 (38 bytes)
1768993212.331741 sending message 105 to peer 0x102cb8890 (518 bytes)
1768993212.331745 sending message 105 to peer 0x102cb8890 (20 bytes)
1768993212.331749 sending message 105 to peer 0x102cb8890 (25 bytes)
1768993212.331753 sending message 105 to peer 0x102cb8890 (18 bytes)
1768993212.331757 sending message 105 to peer 0x102cb8890 (20 bytes)
1768993212.331760 sending message 105 to peer 0x102cb8890 (18 bytes)
1768993212.331764 sending message 105 to peer 0x102cb8890 (47 bytes)
1768993212.331768 sending message 105 to peer 0x102cb8890 (61 bytes)
1768993212.331772 sending message 105 to peer 0x102cb8890 (1807 bytes)
1768993212.331777 sending message 105 to peer 0x102cb8890 (26 bytes)
1768993212.331780 sending message 105 to peer 0x102cb8890 (44 bytes)
1768993212.331784 sending message 105 to peer 0x102cb8890 (23 bytes)
1768993212.331788 sending message 105 to peer 0x102cb8890 (57 bytes)
1768993212.331791 sending message 105 to peer 0x102cb8890 (34 bytes)
1768993212.331795 sending message 105 to peer 0x102cb8890 (75 bytes)
1768993212.331799 sending message 105 to peer 0x102cb8890 (610 bytes)
1768993212.331809 sending message 105 to peer 0x102cb8890 (57 bytes)
1768993212.331813 sending message 105 to peer 0x102cb8890 (35 bytes)
1768993212.331817 sending message 105 to peer 0x102cb8890 (66 bytes)
1768993212.331822 sending message 105 to peer 0x102cb8890 (19 bytes)
1768993212.331826 sending message 105 to peer 0x102cb8890 (14 bytes)
1768993212.331830 sending message 105 to peer 0x102cb8890 (31 bytes)
1768993212.331834 sending message 105 to peer 0x102cb8890 (23 bytes)
1768993212.331837 sending message 105 to peer 0x102cb8890 (30 bytes)
1768993212.331841 sending message 105 to peer 0x102cb8890 (38 bytes)
1768993212.331844 sending message 105 to peer 0x102cb8890 (26 bytes)
1768993212.331848 sending message 105 to peer 0x102cb8890 (612 bytes)
1768993212.331852 sending message 105 to peer 0x102cb8890 (31 bytes)
1768993212.331856 sending message 105 to peer 0x102cb8890 (37 bytes)
1768993212.331859 sending message 105 to peer 0x102cb8890 (13 bytes)
1768993212.331863 sending message 105 to peer 0x102cb8890 (18 bytes)
1768993212.331867 sending message 105 to peer 0x102cb8890 (14 bytes)
1768993212.331870 sending message 105 to peer 0x102cb8890 (43 bytes)
1768993212.331875 sending message 105 to peer 0x102cb8890 (11 bytes)
1768993212.331878 sending message 105 to peer 0x102cb8890 (35 bytes)
1768993212.331882 sending message 105 to peer 0x102cb8890 (33 bytes)
1768993212.331886 sending message 105 to peer 0x102cb8890 (60 bytes)
1768993212.331890 sending message 105 to peer 0x102cb8890 (21 bytes)
1768993212.331893 sending message 105 to peer 0x102cb8890 (72 bytes)
1768993212.331897 sending message 105 to peer 0x102cb8890 (54 bytes)
1768993212.331901 sending message 105 to peer 0x102cb8890 (33 bytes)
1768993212.331905 sending message 105 to peer 0x102cb8890 (48 bytes)
1768993212.331908 sending message 105 to peer 0x102cb8890 (15 bytes)
1768993212.331916 sending message 105 to peer 0x102cb8890 (20 bytes)
1768993212.331922 sending message 105 to peer 0x102cb8890 (24 bytes)
1768993212.331926 sending message 105 to peer 0x102cb8890 (46 bytes)
1768993212.331930 sending message 105 to peer 0x102cb8890 (4091 bytes)
1768993212.331934 sending message 105 to peer 0x102cb8890 (15 bytes)
1768993212.331938 sending message 105 to peer 0x102cb8890 (17 bytes)
1768993212.331942 sending message 105 to peer 0x102cb8890 (30 bytes)
1768993212.331945 sending message 105 to peer 0x102cb8890 (22 bytes)
1768993212.331949 sending message 105 to peer 0x102cb8890 (30 bytes)
1768993212.331957 sending message 105 to peer 0x102cb8890 (16 bytes)
1768993212.331961 sending message 105 to peer 0x102cb8890 (60 bytes)
1768993212.331964 sending message 105 to peer 0x102cb8890 (64 bytes)
1768993212.331968 sending message 105 to peer 0x102cb8890 (465 bytes)
1768993212.331972 sending message 106 to peer 0x102cb8890 (0 bytes)
1768993212.332222 sending message 200 to peer 0x102cb8890 (4 bytes)
1768993212.332230 client loop enter
1768993212.332359 peer 0x102cb8890 message 303
1768993212.332366 open write file 2 -
1768993212.332377 sending message 305 to peer 0x102cb8890 (8 bytes)
1768993212.332390 write check file 2
1768993212.332436 peer 0x102cb8890 message 304
1768993212.332459 write 58 to file 2
1768993212.332465 peer 0x102cb8890 message 203
1768993212.332470 file 2 58 bytes left
1768993212.332487 write check file 2
1768993212.332508 client loop exit
